[13-Jun-2018 13:53:33 America/New_York] PHP Notice:  Trying to get property of non-object in /Users/joeycarty/Desktop/wp-carolina-theatre/wp-content/themes/carolina-theatre/template-parts/event-filters.php on line 55
[13-Jun-2018 13:53:33 America/New_York] PHP Notice:  Trying to get property of non-object in /Users/joeycarty/Desktop/wp-carolina-theatre/wp-content/themes/carolina-theatre/template-parts/event-filters.php on line 55
[13-Jun-2018 13:53:33 America/New_York] PHP Notice:  Trying to get property of non-object in /Users/joeycarty/Desktop/wp-carolina-theatre/wp-content/themes/carolina-theatre/template-parts/event-filters.php on line 55
[13-Jun-2018 13:53:33 America/New_York] PHP Notice:  Trying to get property of non-object in /Users/joeycarty/Desktop/wp-carolina-theatre/wp-content/themes/carolina-theatre/template-parts/event-filters.php on line 55
[13-Jun-2018 13:53:33 America/New_York] PHP Notice:  Trying to get property of non-object in /Users/joeycarty/Desktop/wp-carolina-theatre/wp-content/themes/carolina-theatre/template-parts/event-filters.php on line 55
[13-Jun-2018 13:53:33 America/New_York] PHP Notice:  Trying to get property of non-object in /Users/joeycarty/Desktop/wp-carolina-theatre/wp-content/themes/carolina-theatre/template-parts/event-filters.php on line 55
[13-Jun-2018 13:53:33 America/New_York] PHP Notice:  Trying to get property of non-object in /Users/joeycarty/Desktop/wp-carolina-theatre/wp-content/themes/carolina-theatre/template-parts/event-filters.php on line 55
[13-Jun-2018 13:56:56 America/New_York] PHP Notice:  Undefined variable: event_filters_unique in /Users/joeycarty/Desktop/wp-carolina-theatre/wp-content/themes/carolina-theatre/template-parts/event-filters.php on line 166
[13-Jun-2018 13:56:56 America/New_York] PHP Warning:  Invalid argument supplied for foreach() in /Users/joeycarty/Desktop/wp-carolina-theatre/wp-content/themes/carolina-theatre/template-parts/event-filters.php on line 166
[13-Jun-2018 13:56:56 America/New_York] PHP Notice:  Undefined variable: film_filters_unique in /Users/joeycarty/Desktop/wp-carolina-theatre/wp-content/themes/carolina-theatre/template-parts/event-filters.php on line 175
[13-Jun-2018 13:56:56 America/New_York] PHP Warning:  Invalid argument supplied for foreach() in /Users/joeycarty/Desktop/wp-carolina-theatre/wp-content/themes/carolina-theatre/template-parts/event-filters.php on line 175
[13-Jun-2018 14:00:23 America/New_York] PHP Notice:  Undefined variable: event_filters_unique in /Users/joeycarty/Desktop/wp-carolina-theatre/wp-content/themes/carolina-theatre/template-parts/event-filters.php on line 166
[13-Jun-2018 14:00:23 America/New_York] PHP Warning:  Invalid argument supplied for foreach() in /Users/joeycarty/Desktop/wp-carolina-theatre/wp-content/themes/carolina-theatre/template-parts/event-filters.php on line 166
[13-Jun-2018 14:00:23 America/New_York] PHP Notice:  Undefined variable: film_filters_unique in /Users/joeycarty/Desktop/wp-carolina-theatre/wp-content/themes/carolina-theatre/template-parts/event-filters.php on line 175
[13-Jun-2018 14:00:23 America/New_York] PHP Warning:  Invalid argument supplied for foreach() in /Users/joeycarty/Desktop/wp-carolina-theatre/wp-content/themes/carolina-theatre/template-parts/event-filters.php on line 175
[13-Jun-2018 14:00:47 America/New_York] PHP Notice:  Undefined variable: event_filters_unique in /Users/joeycarty/Desktop/wp-carolina-theatre/wp-content/themes/carolina-theatre/template-parts/event-filters.php on line 166
[13-Jun-2018 14:00:47 America/New_York] PHP Warning:  Invalid argument supplied for foreach() in /Users/joeycarty/Desktop/wp-carolina-theatre/wp-content/themes/carolina-theatre/template-parts/event-filters.php on line 166
[13-Jun-2018 14:00:47 America/New_York] PHP Notice:  Undefined variable: film_filters_unique in /Users/joeycarty/Desktop/wp-carolina-theatre/wp-content/themes/carolina-theatre/template-parts/event-filters.php on line 175
[13-Jun-2018 14:00:47 America/New_York] PHP Warning:  Invalid argument supplied for foreach() in /Users/joeycarty/Desktop/wp-carolina-theatre/wp-content/themes/carolina-theatre/template-parts/event-filters.php on line 175
[13-Jun-2018 14:04:57 America/New_York] PHP Notice:  Undefined variable: event_filters_unique in /Users/joeycarty/Desktop/wp-carolina-theatre/wp-content/themes/carolina-theatre/template-parts/event-filters.php on line 166
[13-Jun-2018 14:04:57 America/New_York] PHP Warning:  Invalid argument supplied for foreach() in /Users/joeycarty/Desktop/wp-carolina-theatre/wp-content/themes/carolina-theatre/template-parts/event-filters.php on line 166
[13-Jun-2018 14:04:57 America/New_York] PHP Notice:  Undefined variable: film_filters_unique in /Users/joeycarty/Desktop/wp-carolina-theatre/wp-content/themes/carolina-theatre/template-parts/event-filters.php on line 175
[13-Jun-2018 14:04:57 America/New_York] PHP Warning:  Invalid argument supplied for foreach() in /Users/joeycarty/Desktop/wp-carolina-theatre/wp-content/themes/carolina-theatre/template-parts/event-filters.php on line 175
[13-Jun-2018 14:05:01 America/New_York] PHP Notice:  Undefined variable: event_filters_unique in /Users/joeycarty/Desktop/wp-carolina-theatre/wp-content/themes/carolina-theatre/template-parts/event-filters.php on line 166
[13-Jun-2018 14:05:01 America/New_York] PHP Warning:  Invalid argument supplied for foreach() in /Users/joeycarty/Desktop/wp-carolina-theatre/wp-content/themes/carolina-theatre/template-parts/event-filters.php on line 166
[13-Jun-2018 14:05:01 America/New_York] PHP Notice:  Undefined variable: film_filters_unique in /Users/joeycarty/Desktop/wp-carolina-theatre/wp-content/themes/carolina-theatre/template-parts/event-filters.php on line 175
[13-Jun-2018 14:05:01 America/New_York] PHP Warning:  Invalid argument supplied for foreach() in /Users/joeycarty/Desktop/wp-carolina-theatre/wp-content/themes/carolina-theatre/template-parts/event-filters.php on line 175
[13-Jun-2018 14:05:02 America/New_York] PHP Notice:  Undefined variable: event_filters_unique in /Users/joeycarty/Desktop/wp-carolina-theatre/wp-content/themes/carolina-theatre/template-parts/event-filters.php on line 166
[13-Jun-2018 14:05:02 America/New_York] PHP Warning:  Invalid argument supplied for foreach() in /Users/joeycarty/Desktop/wp-carolina-theatre/wp-content/themes/carolina-theatre/template-parts/event-filters.php on line 166
[13-Jun-2018 14:05:02 America/New_York] PHP Notice:  Undefined variable: film_filters_unique in /Users/joeycarty/Desktop/wp-carolina-theatre/wp-content/themes/carolina-theatre/template-parts/event-filters.php on line 175
[13-Jun-2018 14:05:02 America/New_York] PHP Warning:  Invalid argument supplied for foreach() in /Users/joeycarty/Desktop/wp-carolina-theatre/wp-content/themes/carolina-theatre/template-parts/event-filters.php on line 175
[13-Jun-2018 14:07:01 America/New_York] PHP Notice:  Undefined variable: event_filters_unique in /Users/joeycarty/Desktop/wp-carolina-theatre/wp-content/themes/carolina-theatre/template-parts/event-filters.php on line 166
[13-Jun-2018 14:07:01 America/New_York] PHP Warning:  Invalid argument supplied for foreach() in /Users/joeycarty/Desktop/wp-carolina-theatre/wp-content/themes/carolina-theatre/template-parts/event-filters.php on line 166
[13-Jun-2018 14:07:01 America/New_York] PHP Notice:  Undefined variable: film_filters_unique in /Users/joeycarty/Desktop/wp-carolina-theatre/wp-content/themes/carolina-theatre/template-parts/event-filters.php on line 175
[13-Jun-2018 14:07:01 America/New_York] PHP Warning:  Invalid argument supplied for foreach() in /Users/joeycarty/Desktop/wp-carolina-theatre/wp-content/themes/carolina-theatre/template-parts/event-filters.php on line 175
[13-Jun-2018 14:07:36 America/New_York] PHP Notice:  Undefined variable: event_filters_unique in /Users/joeycarty/Desktop/wp-carolina-theatre/wp-content/themes/carolina-theatre/template-parts/event-filters.php on line 166
[13-Jun-2018 14:07:36 America/New_York] PHP Warning:  Invalid argument supplied for foreach() in /Users/joeycarty/Desktop/wp-carolina-theatre/wp-content/themes/carolina-theatre/template-parts/event-filters.php on line 166
[13-Jun-2018 14:07:36 America/New_York] PHP Notice:  Undefined variable: film_filters_unique in /Users/joeycarty/Desktop/wp-carolina-theatre/wp-content/themes/carolina-theatre/template-parts/event-filters.php on line 175
[13-Jun-2018 14:07:36 America/New_York] PHP Warning:  Invalid argument supplied for foreach() in /Users/joeycarty/Desktop/wp-carolina-theatre/wp-content/themes/carolina-theatre/template-parts/event-filters.php on line 175
[13-Jun-2018 14:07:49 America/New_York] PHP Notice:  Undefined variable: event_filters_unique in /Users/joeycarty/Desktop/wp-carolina-theatre/wp-content/themes/carolina-theatre/template-parts/event-filters.php on line 166
[13-Jun-2018 14:07:49 America/New_York] PHP Warning:  Invalid argument supplied for foreach() in /Users/joeycarty/Desktop/wp-carolina-theatre/wp-content/themes/carolina-theatre/template-parts/event-filters.php on line 166
[13-Jun-2018 14:07:49 America/New_York] PHP Notice:  Undefined variable: film_filters_unique in /Users/joeycarty/Desktop/wp-carolina-theatre/wp-content/themes/carolina-theatre/template-parts/event-filters.php on line 175
[13-Jun-2018 14:07:49 America/New_York] PHP Warning:  Invalid argument supplied for foreach() in /Users/joeycarty/Desktop/wp-carolina-theatre/wp-content/themes/carolina-theatre/template-parts/event-filters.php on line 175
[13-Jun-2018 14:07:52 America/New_York] PHP Notice:  Undefined variable: event_filters_unique in /Users/joeycarty/Desktop/wp-carolina-theatre/wp-content/themes/carolina-theatre/template-parts/event-filters.php on line 166
[13-Jun-2018 14:07:52 America/New_York] PHP Warning:  Invalid argument supplied for foreach() in /Users/joeycarty/Desktop/wp-carolina-theatre/wp-content/themes/carolina-theatre/template-parts/event-filters.php on line 166
[13-Jun-2018 14:07:52 America/New_York] PHP Notice:  Undefined variable: film_filters_unique in /Users/joeycarty/Desktop/wp-carolina-theatre/wp-content/themes/carolina-theatre/template-parts/event-filters.php on line 175
[13-Jun-2018 14:07:52 America/New_York] PHP Warning:  Invalid argument supplied for foreach() in /Users/joeycarty/Desktop/wp-carolina-theatre/wp-content/themes/carolina-theatre/template-parts/event-filters.php on line 175
[13-Jun-2018 14:10:03 America/New_York] PHP Notice:  Undefined variable: event_filters_unique in /Users/joeycarty/Desktop/wp-carolina-theatre/wp-content/themes/carolina-theatre/template-parts/event-filters.php on line 166
[13-Jun-2018 14:10:03 America/New_York] PHP Warning:  Invalid argument supplied for foreach() in /Users/joeycarty/Desktop/wp-carolina-theatre/wp-content/themes/carolina-theatre/template-parts/event-filters.php on line 166
[13-Jun-2018 14:10:03 America/New_York] PHP Notice:  Undefined variable: film_filters_unique in /Users/joeycarty/Desktop/wp-carolina-theatre/wp-content/themes/carolina-theatre/template-parts/event-filters.php on line 175
[13-Jun-2018 14:10:03 America/New_York] PHP Warning:  Invalid argument supplied for foreach() in /Users/joeycarty/Desktop/wp-carolina-theatre/wp-content/themes/carolina-theatre/template-parts/event-filters.php on line 175
[13-Jun-2018 14:17:24 America/New_York] PHP Warning:  Invalid argument supplied for foreach() in /Users/joeycarty/Desktop/wp-carolina-theatre/wp-content/themes/carolina-theatre/template-events.php on line 88
[13-Jun-2018 14:20:37 America/New_York] PHP Warning:  Invalid argument supplied for foreach() in /Users/joeycarty/Desktop/wp-carolina-theatre/wp-content/themes/carolina-theatre/template-events.php on line 88
[13-Jun-2018 14:21:33 America/New_York] PHP Warning:  Invalid argument supplied for foreach() in /Users/joeycarty/Desktop/wp-carolina-theatre/wp-content/themes/carolina-theatre/template-events.php on line 88
[13-Jun-2018 14:22:05 America/New_York] PHP Warning:  Invalid argument supplied for foreach() in /Users/joeycarty/Desktop/wp-carolina-theatre/wp-content/themes/carolina-theatre/template-events.php on line 88
[13-Jun-2018 14:22:09 America/New_York] PHP Warning:  Invalid argument supplied for foreach() in /Users/joeycarty/Desktop/wp-carolina-theatre/wp-content/themes/carolina-theatre/template-events.php on line 88
[13-Jun-2018 14:23:30 America/New_York] PHP Warning:  Invalid argument supplied for foreach() in /Users/joeycarty/Desktop/wp-carolina-theatre/wp-content/themes/carolina-theatre/template-events.php on line 88
[13-Jun-2018 14:23:47 America/New_York] PHP Warning:  Invalid argument supplied for foreach() in /Users/joeycarty/Desktop/wp-carolina-theatre/wp-content/themes/carolina-theatre/template-events.php on line 88
[13-Jun-2018 14:23:54 America/New_York] PHP Warning:  Invalid argument supplied for foreach() in /Users/joeycarty/Desktop/wp-carolina-theatre/wp-content/themes/carolina-theatre/template-events.php on line 88
[13-Jun-2018 14:24:10 America/New_York] PHP Warning:  Invalid argument supplied for foreach() in /Users/joeycarty/Desktop/wp-carolina-theatre/wp-content/themes/carolina-theatre/template-events.php on line 88
[13-Jun-2018 14:24:17 America/New_York] PHP Warning:  Invalid argument supplied for foreach() in /Users/joeycarty/Desktop/wp-carolina-theatre/wp-content/themes/carolina-theatre/template-events.php on line 88
[13-Jun-2018 14:24:32 America/New_York] PHP Notice:  Trying to get property of non-object in /Users/joeycarty/Desktop/wp-carolina-theatre/wp-content/themes/carolina-theatre/template-parts/event-filters.php on line 55
[13-Jun-2018 14:24:32 America/New_York] PHP Notice:  Trying to get property of non-object in /Users/joeycarty/Desktop/wp-carolina-theatre/wp-content/themes/carolina-theatre/template-parts/event-filters.php on line 55
[13-Jun-2018 14:24:32 America/New_York] PHP Notice:  Trying to get property of non-object in /Users/joeycarty/Desktop/wp-carolina-theatre/wp-content/themes/carolina-theatre/template-parts/event-filters.php on line 55
[13-Jun-2018 14:24:32 America/New_York] PHP Notice:  Trying to get property of non-object in /Users/joeycarty/Desktop/wp-carolina-theatre/wp-content/themes/carolina-theatre/template-parts/event-filters.php on line 55
[13-Jun-2018 14:24:32 America/New_York] PHP Notice:  Trying to get property of non-object in /Users/joeycarty/Desktop/wp-carolina-theatre/wp-content/themes/carolina-theatre/template-parts/event-filters.php on line 55
[13-Jun-2018 14:24:32 America/New_York] PHP Notice:  Trying to get property of non-object in /Users/joeycarty/Desktop/wp-carolina-theatre/wp-content/themes/carolina-theatre/template-parts/event-filters.php on line 55
[13-Jun-2018 14:24:32 America/New_York] PHP Notice:  Trying to get property of non-object in /Users/joeycarty/Desktop/wp-carolina-theatre/wp-content/themes/carolina-theatre/template-parts/event-filters.php on line 55
[13-Jun-2018 14:24:32 America/New_York] PHP Warning:  Invalid argument supplied for foreach() in /Users/joeycarty/Desktop/wp-carolina-theatre/wp-content/themes/carolina-theatre/template-events.php on line 88
[13-Jun-2018 14:25:55 America/New_York] PHP Warning:  Invalid argument supplied for foreach() in /Users/joeycarty/Desktop/wp-carolina-theatre/wp-content/themes/carolina-theatre/template-events.php on line 88
[13-Jun-2018 14:26:13 America/New_York] PHP Warning:  Invalid argument supplied for foreach() in /Users/joeycarty/Desktop/wp-carolina-theatre/wp-content/themes/carolina-theatre/template-events.php on line 88
[13-Jun-2018 14:26:16 America/New_York] PHP Warning:  Invalid argument supplied for foreach() in /Users/joeycarty/Desktop/wp-carolina-theatre/wp-content/themes/carolina-theatre/template-events.php on line 88
[13-Jun-2018 14:26:53 America/New_York] PHP Warning:  Invalid argument supplied for foreach() in /Users/joeycarty/Desktop/wp-carolina-theatre/wp-content/themes/carolina-theatre/template-events.php on line 88
[13-Jun-2018 14:27:05 America/New_York] PHP Warning:  Invalid argument supplied for foreach() in /Users/joeycarty/Desktop/wp-carolina-theatre/wp-content/themes/carolina-theatre/template-events.php on line 88
[13-Jun-2018 14:27:10 America/New_York] PHP Warning:  Invalid argument supplied for foreach() in /Users/joeycarty/Desktop/wp-carolina-theatre/wp-content/themes/carolina-theatre/template-events.php on line 88
[13-Jun-2018 14:28:37 America/New_York] PHP Notice:  Trying to get property of non-object in /Users/joeycarty/Desktop/wp-carolina-theatre/wp-content/themes/carolina-theatre/template-parts/event-filters.php on line 55
[13-Jun-2018 14:28:37 America/New_York] PHP Notice:  Trying to get property of non-object in /Users/joeycarty/Desktop/wp-carolina-theatre/wp-content/themes/carolina-theatre/template-parts/event-filters.php on line 55
[13-Jun-2018 14:28:37 America/New_York] PHP Notice:  Trying to get property of non-object in /Users/joeycarty/Desktop/wp-carolina-theatre/wp-content/themes/carolina-theatre/template-parts/event-filters.php on line 55
[13-Jun-2018 14:28:37 America/New_York] PHP Notice:  Trying to get property of non-object in /Users/joeycarty/Desktop/wp-carolina-theatre/wp-content/themes/carolina-theatre/template-parts/event-filters.php on line 55
[13-Jun-2018 14:28:37 America/New_York] PHP Notice:  Trying to get property of non-object in /Users/joeycarty/Desktop/wp-carolina-theatre/wp-content/themes/carolina-theatre/template-parts/event-filters.php on line 55
[13-Jun-2018 14:28:37 America/New_York] PHP Notice:  Trying to get property of non-object in /Users/joeycarty/Desktop/wp-carolina-theatre/wp-content/themes/carolina-theatre/template-parts/event-filters.php on line 55
[13-Jun-2018 14:28:37 America/New_York] PHP Notice:  Trying to get property of non-object in /Users/joeycarty/Desktop/wp-carolina-theatre/wp-content/themes/carolina-theatre/template-parts/event-filters.php on line 55
[13-Jun-2018 14:28:37 America/New_York] PHP Warning:  Invalid argument supplied for foreach() in /Users/joeycarty/Desktop/wp-carolina-theatre/wp-content/themes/carolina-theatre/template-events.php on line 88
[13-Jun-2018 14:29:36 America/New_York] PHP Warning:  Invalid argument supplied for foreach() in /Users/joeycarty/Desktop/wp-carolina-theatre/wp-content/themes/carolina-theatre/template-events.php on line 88
[13-Jun-2018 14:29:52 America/New_York] PHP Notice:  Undefined variable: image_cap in /Users/joeycarty/Desktop/wp-carolina-theatre/wp-content/themes/carolina-theatre/template-parts/slider-image_video.php on line 32
[13-Jun-2018 14:29:52 America/New_York] PHP Notice:  Undefined variable: image_cap in /Users/joeycarty/Desktop/wp-carolina-theatre/wp-content/themes/carolina-theatre/template-parts/slider-image_video.php on line 32
[13-Jun-2018 14:31:40 America/New_York] PHP Warning:  Invalid argument supplied for foreach() in /Users/joeycarty/Desktop/wp-carolina-theatre/wp-content/themes/carolina-theatre/template-events.php on line 88
[13-Jun-2018 14:31:57 America/New_York] PHP Warning:  Invalid argument supplied for foreach() in /Users/joeycarty/Desktop/wp-carolina-theatre/wp-content/themes/carolina-theatre/template-events.php on line 88
